<?xml version="1.0" encoding="UTF-8" ?>
<testsuite errors="0" failures="0" hostname="DESKTOP-D9BBMAU" name="com.Loan_Test" skipped="0" tests="3" time="0.115" timestamp="2024-01-17T17:16:40">
  <properties>
    <property name="java.vendor" value="Oracle Corporation" />
    <property name="env.USERDOMAIN_ROAMINGPROFILE" value="DESKTOP-D9BBMAU" />
    <property name="sun.java.launcher" value="SUN_STANDARD" />
    <property name="sun.management.compiler" value="HotSpot 64-Bit Tiered Compilers" />
    <property name="ant.file.AIS" value="C:\Users\ACER\eclipse-workspace\AIS\build.xml" />
    <property name="env.PROMPT" value="$P$G" />
    <property name="os.name" value="Windows 11" />
    <property name="env.DriverData" value="C:\Windows\System32\Drivers\DriverData" />
    <property name="env.COMPUTERNAME" value="DESKTOP-D9BBMAU" />
    <property name="env.CommonProgramW6432" value="C:\Program Files\Common Files" />
    <property name="env.ALLUSERSPROFILE" value="C:\ProgramData" />
    <property name="java.vm.specification.vendor" value="Oracle Corporation" />
    <property name="ant.home" value="C:\Program Files\apache-ant-1.9.16" />
    <property name="java.runtime.version" value="17.0.9+11-LTS-201" />
    <property name="env.GOPATH" value="C:\Users\ACER\go" />
    <property name="env.HOMEPATH" value="\Users\ACER" />
    <property name="user.name" value="ACER" />
    <property name="user.language" value="en" />
    <property name="sun.boot.library.path" value="C:\Program Files\Java\jdk-17\bin" />
    <property name="ant.project.default-target" value="build" />
    <property name="ant.project.name" value="AIS" />
    <property name="java.vm.compressedOopsMode" value="32-bit" />
    <property name="java.version" value="17.0.9" />
    <property name="env.PROCESSOR_IDENTIFIER" value="Intel64 Family 6 Model 126 Stepping 5, GenuineIntel" />
    <property name="env.TEMP" value="C:\Users\ACER\AppData\Local\Temp" />
    <property name="sun.arch.data.model" value="64" />
    <property name="env._JAVACMD" value="C:\Program Files\Java\jdk-17\bin\java.exe" />
    <property name="sun.cpu.isalist" value="amd64" />
    <property name="env.HOMEDRIVE" value="C:" />
    <property name="sun.jnu.encoding" value="Cp1252" />
    <property name="file.separator" value="\" />
    <property name="java.specification.name" value="Java Platform API Specification" />
    <property name="java.class.version" value="61.0" />
    <property name="user.country" value="IN" />
    <property name="java.home" value="C:\Program Files\Java\jdk-17" />
    <property name="env.PSModulePath" value="C:\Users\ACER\OneDrive\Documents\WindowsPowerShell\Modules;C:\Program Files\WindowsPowerShell\Modules;C:\WINDOWS\system32\WindowsPowerShell\v1.0\Modules" />
    <property name="ant.file.type.AIS" value="file" />
    <property name="env.APPDATA" value="C:\Users\ACER\AppData\Roaming" />
    <property name="java.vm.info" value="mixed mode, sharing" />
    <property name="env.PUBLIC" value="C:\Users\Public" />
    <property name="env.ComSpec" value="C:\WINDOWS\system32\cmd.exe" />
    <property name="env.OS" value="Windows_NT" />
    <property name="env.CommonProgramFiles" value="C:\Program Files\Common Files" />
    <property name="os.version" value="10.0" />
    <property name="ant.file" value="C:\Users\ACER\eclipse-workspace\AIS\build.xml" />
    <property name="env.ProgramW6432" value="C:\Program Files" />
    <property name="env._USE_CLASSPATH" value="no" />
    <property name="env.WSLENV" value="WT_SESSION:WT_PROFILE_ID:" />
    <property name="path.separator" value=";" />
    <property name="java.vm.version" value="17.0.9+11-LTS-201" />
    <property name="env.ZES_ENABLE_SYSMAN" value="1" />
    <property name="user.variant" value="" />
    <property name="env.USERPROFILE" value="C:\Users\ACER" />
    <property name="env.WT_PROFILE_ID" value="{61c54bbd-c2c6-5271-96e7-009a87ff44bf}" />
    <property name="ant.library.dir" value="C:\Program Files\apache-ant-1.9.16\lib" />
    <property name="junit.output.dir" value="junit" />
    <property name="env.JAVA_HOME" value="C:\Program Files\Java\jdk-17" />
    <property name="env.TMP" value="C:\Users\ACER\AppData\Local\Temp" />
    <property name="sun.io.unicode.encoding" value="UnicodeLittle" />
    <property name="sun.stdout.encoding" value="cp437" />
    <property name="user.script" value="" />
    <property name="target" value="17" />
    <property name="user.home" value="C:\Users\ACER" />
    <property name="env.ProgramData" value="C:\ProgramData" />
    <property name="env.ProgramFiles(x86)" value="C:\Program Files (x86)" />
    <property name="env.SESSIONNAME" value="Console" />
    <property name="java.version.date" value="2023-10-17" />
    <property name="java.specification.vendor" value="Oracle Corporation" />
    <property name="env.NUMBER_OF_PROCESSORS" value="4" />
    <property name="java.library.path" value="C:\Program Files\Java\jdk-17\bin;C:\WINDOWS\Sun\Java\bin;C:\WINDOWS\system32;C:\WINDOWS;C:\Program Files\Common Files\Oracle\Java\javapath;C:\Program Files (x86)\Common Files\Oracle\Java\javapath;C:\WINDOWS\system32;C:\WINDOWS;C:\WINDOWS\System32\Wbem;C:\WINDOWS\System32\WindowsPowerShell\v1.0\;C:\WINDOWS\System32\OpenSSH\;C:\Program Files (x86)\IBM\SPSS\Statistics\22\JRE\bin;C:\Program Files\Git\cmd;C:\Program Files\apache-ant-1.9.16\bin;C:\Program Files\Go\bin;C:\Users\ACER\AppData\Local\Programs\Python\Python312\Scripts\;C:\Users\ACER\AppData\Local\Programs\Python\Python312\;C:\Users\ACER\AppData\Local\Programs\Python\Launcher\;C:\Users\ACER\AppData\Local\Microsoft\WindowsApps;;C:\Users\ACER\AppData\Local\Programs\Microsoft VS Code\bin;C:\Program Files\JetBrains\IntelliJ IDEA 2023.3.2\bin;;C:\Users\ACER\go\bin;." />
    <property name="java.vendor.url" value="https://java.oracle.com/" />
    <property name="java.vm.vendor" value="Oracle Corporation" />
    <property name="java.runtime.name" value="Java(TM) SE Runtime Environment" />
    <property name="java.class.path" value="C:\Users\ACER\eclipse-workspace\AIS\bin;C:\Users\ACER\eclipse-workspace\AIS\lib\junit-jupiter-api_5.10.0.jar;C:\Users\ACER\eclipse-workspace\AIS\lib\junit-jupiter-engine_5.10.0.jar;C:\Users\ACER\eclipse-workspace\AIS\lib\junit-jupiter-migrationsupport_5.10.0.jar;C:\Users\ACER\eclipse-workspace\AIS\lib\junit-jupiter-params_5.10.0.jar;C:\Users\ACER\eclipse-workspace\AIS\lib\junit-platform-commons_1.10.0.jar;C:\Users\ACER\eclipse-workspace\AIS\lib\junit-platform-engine_1.10.0.jar;C:\Users\ACER\eclipse-workspace\AIS\lib\junit-platform-launcher_1.10.0.jar;C:\Users\ACER\eclipse-workspace\AIS\lib\junit-platform-runner_1.10.0.jar;C:\Users\ACER\eclipse-workspace\AIS\lib\junit-platform-suite-api_1.10.0.jar;C:\Users\ACER\eclipse-workspace\AIS\lib\junit-platform-suite-engine_1.10.0.jar;C:\Users\ACER\eclipse-workspace\AIS\lib\junit-platform-suite-commons_1.10.0.jar;C:\Users\ACER\eclipse-workspace\AIS\lib\junit-vintage-engine_5.10.0.jar;C:\Users\ACER\eclipse-workspace\AIS\lib\org.opentest4j_1.3.0.jar;C:\Users\ACER\eclipse-workspace\AIS\lib\org.apiguardian.api_1.1.2.jar;C:\Users\ACER\eclipse-workspace\AIS\lib\org.junit_4.13.2.v20230809-1000.jar;C:\Users\ACER\eclipse-workspace\AIS\lib\org.hamcrest_2.2.0.jar;C:\Users\ACER\eclipse-workspace\AIS\lib\org.hamcrest.core_2.2.0.v20230809-1000.jar;C:\Program Files\apache-ant-1.9.16\lib\ant-launcher.jar;C:\Program Files\apache-ant-1.9.16\lib\ant.jar;C:\Program Files\apache-ant-1.9.16\lib\ant-junit.jar;C:\Program Files\apache-ant-1.9.16\lib\ant-junit4.jar" />
    <property name="sun.java.command" value="org.apache.tools.ant.taskdefs.optional.junit.JUnitTestRunner com.Loan_Test skipNonTests=false filtertrace=true haltOnError=false haltOnFailure=false formatter=org.apache.tools.ant.taskdefs.optional.junit.OutErrSummaryJUnitResultFormatter showoutput=false outputtoformatters=true logfailedtests=true threadid=0 logtestlistenerevents=false formatter=org.apache.tools.ant.taskdefs.optional.junit.XMLJUnitResultFormatter,C:\Users\ACER\eclipse-workspace\AIS\junit\TEST-com.Loan_Test.xml crashfile=C:\Users\ACER\eclipse-workspace\AIS\junitvmwatcher14680772697196683422.properties propsfile=C:\Users\ACER\eclipse-workspace\AIS\junit8069949065919552879.properties" />
    <property name="ant.version" value="Apache Ant(TM) version 1.9.16 compiled on July 10 2021" />
    <property name="native.encoding" value="Cp1252" />
    <property name="jdk.debug" value="release" />
    <property name="env.WT_SESSION" value="a4042ed9-781d-44f9-bee1-35a3f1426afa" />
    <property name="java.vm.specification.name" value="Java Virtual Machine Specification" />
    <property name="ant.file.type" value="file" />
    <property name="env.windir" value="C:\WINDOWS" />
    <property name="env.LOGONSERVER" value="\\DESKTOP-D9BBMAU" />
    <property name="java.vm.specification.version" value="17" />
    <property name="env.PROCESSOR_ARCHITECTURE" value="AMD64" />
    <property name="sun.cpu.endian" value="little" />
    <property name="sun.os.patch.level" value="" />
    <property name="env.OneDrive" value="C:\Users\ACER\OneDrive" />
    <property name="debuglevel" value="source,lines,vars" />
    <property name="env.ANT_HOME" value="C:\Program Files\apache-ant-1.9.16" />
    <property name="env.ProgramFiles" value="C:\Program Files" />
    <property name="env.PROCESSOR_REVISION" value="7e05" />
    <property name="java.io.tmpdir" value="C:\Users\ACER\AppData\Local\Temp\" />
    <property name="env.CommonProgramFiles(x86)" value="C:\Program Files (x86)\Common Files" />
    <property name="java.vendor.url.bug" value="https://bugreport.java.com/bugreport/" />
    <property name="env.SystemRoot" value="C:\WINDOWS" />
    <property name="os.arch" value="amd64" />
    <property name="env.ANT_CMD_LINE_ARGS" value=" pit" />
    <property name="user.dir" value="C:\Users\ACER\eclipse-workspace\AIS" />
    <property name="env.LOCALAPPDATA" value="C:\Users\ACER\AppData\Local" />
    <property name="line.separator" value="&#xd;&#xa;" />
    <property name="java.vm.name" value="Java HotSpot(TM) 64-Bit Server VM" />
    <property name="env.PATHEXT" value=".COM;.EXE;.BAT;.CMD;.VBS;.VBE;.JS;.JSE;.WSF;.WSH;.MSC;.CPL" />
    <property name="env.IntelliJ IDEA" value="C:\Program Files\JetBrains\IntelliJ IDEA 2023.3.2\bin;" />
    <property name="env.Path" value="C:\Program Files\Common Files\Oracle\Java\javapath;C:\Program Files (x86)\Common Files\Oracle\Java\javapath;C:\WINDOWS\system32;C:\WINDOWS;C:\WINDOWS\System32\Wbem;C:\WINDOWS\System32\WindowsPowerShell\v1.0\;C:\WINDOWS\System32\OpenSSH\;C:\Program Files (x86)\IBM\SPSS\Statistics\22\JRE\bin;C:\Program Files\Git\cmd;C:\Program Files\apache-ant-1.9.16\bin;C:\Program Files\Go\bin;C:\Users\ACER\AppData\Local\Programs\Python\Python312\Scripts\;C:\Users\ACER\AppData\Local\Programs\Python\Python312\;C:\Users\ACER\AppData\Local\Programs\Python\Launcher\;C:\Users\ACER\AppData\Local\Microsoft\WindowsApps;;C:\Users\ACER\AppData\Local\Programs\Microsoft VS Code\bin;C:\Program Files\JetBrains\IntelliJ IDEA 2023.3.2\bin;;C:\Users\ACER\go\bin" />
    <property name="basedir" value="C:\Users\ACER\eclipse-workspace\AIS" />
    <property name="ant.java.version" value="17" />
    <property name="ant.core.lib" value="C:\Program Files\apache-ant-1.9.16\lib\ant.jar" />
    <property name="env.USERNAME" value="ACER" />
    <property name="source" value="17" />
    <property name="env.SystemDrive" value="C:" />
    <property name="sun.stderr.encoding" value="cp437" />
    <property name="file.encoding" value="Cp1252" />
    <property name="spotbugs.home" value="lib/" />
    <property name="env.USERDOMAIN" value="DESKTOP-D9BBMAU" />
    <property name="java.specification.version" value="17" />
    <property name="env.=C:" value="C:\Users\ACER\eclipse-workspace\AIS" />
    <property name="ant.project.invoked-targets" value="pit" />
    <property name="env.PROCESSOR_LEVEL" value="6" />
  </properties>
  <testcase classname="com.Loan_Test" name="calculateTotalInterest" time="0.008" />
  <testcase classname="com.Loan_Test" name="calculateMonthlyRate" time="0.001" />
  <testcase classname="com.Loan_Test" name="loanDetails" time="0.001" />
  <system-out><![CDATA[]]></system-out>
  <system-err><![CDATA[]]></system-err>
</testsuite>
